<?xml version="1.0" encoding="UTF-8"?>
<coverage generated="1667650457452" clover="3.2.0">
  <project timestamp="1667650457452" name="All files">
    <metrics statements="2" coveredstatements="2" conditionals="1" coveredconditionals="0" methods="1" coveredmethods="1" elements="4" coveredelements="3" complexity="0" loc="2" ncloc="2" packages="1" files="1" classes="1"/>
    <file name="LogIn.vue" path="C:\Users\mrmic\OneDrive\Bureau\DI\S9\Conduite de tests\store_vue_app\project\src\views\LogIn.vue">
      <metrics statements="2" coveredstatements="2" conditionals="1" coveredconditionals="0" methods="1" coveredmethods="1"/>
      <line num="1" count="6" type="cond" truecount="0" falsecount="1"/>
      <line num="33" count="1" type="stmt"/>
    </file>
  </project>
</coverage>
