{"C:\\Users\\mrmic\\OneDrive\\Bureau\\DI\\S9\\Conduite de tests\\store_vue_app\\project\\src\\views\\LogIn.vue": {"path":"C:\\Users\\mrmic\\OneDrive\\Bureau\\DI\\S9\\Conduite de tests\\store_vue_app\\project\\src\\views\\LogIn.vue","statementMap":{"0":{"start":{"line":33,"column":0},"end":{"line":68,"column":null}},"1":{"start":{"line":1,"column":0},"end":{"line":1,"column":null}}},"fnMap":{"0":{"name":"(anonymous_5)","decl":{"start":{"line":1,"column":0},"end":{"line":1,"column":null}},"loc":{"start":{"line":1,"column":0},"end":{"line":1,"column":null}}}},"branchMap":{"0":{"loc":{"start":{"line":1,"column":0},"end":{"line":1,"column":null}},"type":"if","locations":[{"start":{"line":1,"column":0},"end":{"line":1,"column":null}}]}},"s":{"0":1,"1":6},"f":{"0":1},"b":{"0":[0]}}
}
